<?xml version="1.0" encoding="UTF-8"?>
<!-- Generated by org.testng.reporters.JUnitReportReporter -->
<testsuite hostname="DESKTOP-RO8II0V" failures="0" tests="1" name="com.vodafone.test.LoginTest" time="148.737" errors="0" timestamp="2025-05-08T12:30:43 IST" skipped="0">
  <testcase classname="com.vodafone.test.LoginTest" name="validLoginTest" time="148.737"/>
</testsuite> <!-- com.vodafone.test.LoginTest -->
