<?xml version="1.0" encoding="UTF-8"?>
<!-- Generated by org.testng.reporters.JUnitReportReporter -->
<testsuite hostname="DESKTOP-RO8II0V" failures="0" tests="1" name="com.vodafone.test.LoginTest" time="0.017" errors="0" timestamp="2025-05-08T10:55:58 IST" skipped="0">
  <testcase classname="com.vodafone.test.LoginTest" name="validLoginTest" time="0.017"/>
</testsuite> <!-- com.vodafone.test.LoginTest -->
