<?xml version="1.0" encoding="UTF-8"?>
<!-- Generated by org.testng.reporters.JUnitReportReporter -->
<testsuite hostname="DESKTOP-RO8II0V" failures="0" tests="2" name="com.vodafone.test.LoginUITest" time="41.094" errors="0" timestamp="2025-05-07T18:04:42 IST" skipped="0">
  <testcase classname="com.vodafone.test.LoginUITest" name="titleTest" time="21.501"/>
  <testcase classname="com.vodafone.test.LoginUITest" name="headerTitle" time="19.593"/>
</testsuite> <!-- com.vodafone.test.LoginUITest -->
