<?xml version="1.0" encoding="UTF-8"?>
<!-- Generated by org.testng.reporters.JUnitReportReporter -->
<testsuite hostname="DESKTOP-RO8II0V" failures="0" tests="1" name="com.vodafone.test.LoginTest" time="11.462" errors="0" timestamp="2025-05-08T11:48:54 IST" skipped="0">
  <testcase classname="com.vodafone.test.LoginTest" name="invalidLoginTest" time="11.462"/>
</testsuite> <!-- com.vodafone.test.LoginTest -->
