<?xml version="1.0" encoding="UTF-8"?>
<!-- Generated by org.testng.reporters.JUnitReportReporter -->
<testsuite hostname="DESKTOP-RO8II0V" failures="0" tests="2" name="com.vodafone.test.EmployeeTest" time="48.184" errors="0" timestamp="2025-05-09T11:34:00 IST" skipped="0">
  <testcase classname="com.vodafone.test.EmployeeTest" name="addValidEmployeeTest" time="25.734"/>
  <testcase classname="com.vodafone.test.EmployeeTest" name="addValidEmployeeTest" time="22.450"/>
</testsuite> <!-- com.vodafone.test.EmployeeTest -->
