<?xml version="1.0" encoding="UTF-8"?>
<!-- Generated by org.testng.reporters.JUnitReportReporter -->
<testsuite hostname="DESKTOP-RO8II0V" failures="0" tests="1" name="com.vodafone.test.LoginUITest" time="9.594" errors="0" timestamp="2025-05-08T10:56:25 IST" skipped="0">
  <testcase classname="com.vodafone.test.LoginUITest" name="validLoginTest" time="9.594"/>
</testsuite> <!-- com.vodafone.test.LoginUITest -->
