<?xml version="1.0" encoding="UTF-8"?>
<!-- Generated by org.testng.reporters.JUnitReportReporter -->
<testsuite hostname="DESKTOP-RO8II0V" failures="0" tests="3" name="com.vodafone.test.ZDemo1Test" time="25.642" errors="0" timestamp="2025-05-08T15:01:21 IST" skipped="0">
  <testcase classname="com.vodafone.test.ZDemo1Test" name="loginTest" time="1.288"/>
  <testcase classname="com.vodafone.test.ZDemo1Test" name="loginTest" time="13.152"/>
  <testcase classname="com.vodafone.test.ZDemo1Test" name="loginTest" time="11.202"/>
</testsuite> <!-- com.vodafone.test.ZDemo1Test -->
