<?xml version="1.0" encoding="UTF-8"?>
<!-- Generated by org.testng.reporters.JUnitReportReporter -->
<testsuite hostname="DESKTOP-RO8II0V" failures="0" tests="1" name="com.vodafone.test.LoginUITest" time="9.069" errors="0" timestamp="2025-05-09T13:19:24 IST" skipped="0">
  <testcase classname="com.vodafone.test.LoginUITest" name="titleTest" time="9.069"/>
</testsuite> <!-- com.vodafone.test.LoginUITest -->
